{
  "RSpec": {
    "coverage": {
      "/Users/willthompson/turing/mod_3/projects/sweater_weather_2/app/helpers/application_helper.rb": [
        1,
        null
      ],
      "/Users/willthompson/turing/mod_3/projects/sweater_weather_2/app/models/forecast.rb": [
        null,
        1,
        1,
        4,
        4,
        4,
        null,
        null,
        1,
        4,
        4,
        null,
        null,
        1,
        1,
        null,
        null,
        1,
        1,
        null,
        null,
        1,
        1,
        null,
        null,
        null,
        null,
        null,
        null,
        null,
        null,
        null,
        null,
        null,
        null,
        null,
        null,
        null,
        null,
        null,
        null,
        null,
        null,
        null,
        null,
        null,
        null,
        null,
        null,
        null,
        null,
        null,
        null
      ],
      "/Users/willthompson/turing/mod_3/projects/sweater_weather_2/app/services/dark_sky.rb": [
        1,
        null,
        1,
        4,
        4,
        null,
        null,
        1,
        4,
        4,
        null,
        null,
        1,
        0,
        0,
        null,
        null,
        1,
        null,
        1,
        4,
        4,
        null,
        null,
        null,
        1,
        4,
        4,
        null,
        null
      ],
      "/Users/willthompson/turing/mod_3/projects/sweater_weather_2/app/mailers/application_mailer.rb": [
        0,
        0,
        0,
        0
      ],
      "/Users/willthompson/turing/mod_3/projects/sweater_weather_2/app/models/background.rb": [
        0,
        0,
        null,
        0,
        0,
        0,
        null,
        0,
        0,
        0,
        0,
        0
      ],
      "/Users/willthompson/turing/mod_3/projects/sweater_weather_2/app/models/road_trip.rb": [
        0,
        null,
        0,
        0,
        0,
        0,
        0,
        null,
        0,
        0,
        0,
        null,
        0,
        0,
        0,
        0,
        null,
        0,
        0,
        0,
        null,
        null,
        0,
        0,
        null,
        0,
        null,
        0,
        0,
        0,
        0,
        0,
        0,
        0,
        0,
        0
      ],
      "/Users/willthompson/turing/mod_3/projects/sweater_weather_2/app/models/gif.rb": [
        0,
        0,
        null,
        0,
        0,
        0,
        0,
        null,
        0,
        0,
        0,
        0,
        null,
        0,
        0,
        0,
        0,
        0,
        0,
        0,
        0,
        null,
        0,
        0,
        0,
        0,
        0,
        0,
        0,
        0,
        null,
        null,
        0,
        0,
        0,
        0,
        0,
        0,
        0,
        0,
        0,
        0,
        0,
        0
      ],
      "/Users/willthompson/turing/mod_3/projects/sweater_weather_2/app/models/application_record.rb": [
        0,
        0,
        0
      ],
      "/Users/willthompson/turing/mod_3/projects/sweater_weather_2/app/models/user.rb": [
        0,
        0,
        0
      ],
      "/Users/willthompson/turing/mod_3/projects/sweater_weather_2/app/serializers/gif_serializer.rb": [
        0,
        0,
        0,
        0
      ],
      "/Users/willthompson/turing/mod_3/projects/sweater_weather_2/app/serializers/background_serializer.rb": [
        0,
        0,
        0,
        0
      ],
      "/Users/willthompson/turing/mod_3/projects/sweater_weather_2/app/serializers/road_trip_serializer.rb": [
        0,
        0,
        0,
        0
      ],
      "/Users/willthompson/turing/mod_3/projects/sweater_weather_2/app/serializers/forecast_serializer.rb": [
        0,
        0,
        0,
        0
      ],
      "/Users/willthompson/turing/mod_3/projects/sweater_weather_2/app/jobs/application_job.rb": [
        0,
        0
      ],
      "/Users/willthompson/turing/mod_3/projects/sweater_weather_2/app/controllers/application_controller.rb": [
        0,
        0,
        null,
        0
      ],
      "/Users/willthompson/turing/mod_3/projects/sweater_weather_2/app/controllers/home_controller.rb": [
        0,
        null,
        0,
        0,
        null,
        0
      ],
      "/Users/willthompson/turing/mod_3/projects/sweater_weather_2/app/controllers/api/v1/forecasts_controller.rb": [
        0,
        null,
        0,
        0,
        0,
        null,
        0,
        null,
        0,
        0,
        0,
        0
      ],
      "/Users/willthompson/turing/mod_3/projects/sweater_weather_2/app/controllers/api/v1/backgrounds_controller.rb": [
        0,
        null,
        0,
        0,
        0,
        null,
        0,
        null,
        0,
        0,
        0,
        0
      ],
      "/Users/willthompson/turing/mod_3/projects/sweater_weather_2/app/controllers/api/v1/road_trip_controller.rb": [
        0,
        null,
        0,
        0,
        0,
        0,
        null,
        0,
        0,
        0,
        null,
        0,
        null,
        0,
        0,
        0,
        0
      ],
      "/Users/willthompson/turing/mod_3/projects/sweater_weather_2/app/controllers/api/v1/users_controller.rb": [
        0,
        null,
        null,
        0,
        0,
        0,
        null,
        0,
        null,
        0,
        0,
        0,
        0
      ],
      "/Users/willthompson/turing/mod_3/projects/sweater_weather_2/app/controllers/api/v1/sessions_controller.rb": [
        0,
        null,
        0,
        0,
        0,
        0,
        0,
        0,
        0
      ],
      "/Users/willthompson/turing/mod_3/projects/sweater_weather_2/app/controllers/api/v1/gifs_controller.rb": [
        0,
        null,
        0,
        0,
        0,
        null,
        0,
        null,
        0,
        0,
        0,
        0
      ],
      "/Users/willthompson/turing/mod_3/projects/sweater_weather_2/app/services/google_geocoding.rb": [
        0,
        null,
        0,
        0,
        0,
        null,
        0,
        0,
        0,
        0,
        null,
        0,
        0,
        0,
        0,
        0,
        0,
        0,
        0,
        null,
        0,
        0,
        0,
        0,
        0
      ],
      "/Users/willthompson/turing/mod_3/projects/sweater_weather_2/app/services/giphy.rb": [
        0,
        null,
        0,
        0,
        0,
        null,
        0,
        0,
        0,
        null,
        0,
        0,
        0,
        0,
        0,
        0,
        0,
        0,
        null,
        0,
        0,
        0,
        0,
        0
      ],
      "/Users/willthompson/turing/mod_3/projects/sweater_weather_2/app/services/google_directions.rb": [
        0,
        null,
        0,
        0,
        0,
        0,
        null,
        0,
        0,
        0,
        null,
        0,
        null,
        0,
        0,
        0,
        0,
        0,
        0,
        0,
        0,
        null,
        0,
        0,
        0,
        0,
        0
      ],
      "/Users/willthompson/turing/mod_3/projects/sweater_weather_2/app/services/unsplash.rb": [
        0,
        null,
        0,
        0,
        0,
        null,
        0,
        0,
        0,
        null,
        0,
        0,
        0,
        0,
        0,
        0,
        0,
        0,
        null,
        0,
        0,
        0,
        0,
        0
      ],
      "/Users/willthompson/turing/mod_3/projects/sweater_weather_2/app/channels/application_cable/connection.rb": [
        0,
        0,
        0,
        0
      ],
      "/Users/willthompson/turing/mod_3/projects/sweater_weather_2/app/channels/application_cable/channel.rb": [
        0,
        0,
        0,
        0
      ]
    },
    "timestamp": 1568751993
  }
}
