{
  "RSpec": {
    "coverage": {
      "/Users/willthompson/turing/mod_3/projects/sweater_weather_2/app/helpers/application_helper.rb": [
        1,
        null
      ],
      "/Users/willthompson/turing/mod_3/projects/sweater_weather_2/app/models/road_trip.rb": [
        1,
        null,
        1,
        3,
        3,
        3,
        null,
        null,
        1,
        3,
        3,
        null,
        null,
        1,
        2,
        null,
        null
      ],
      "/Users/willthompson/turing/mod_3/projects/sweater_weather_2/app/controllers/api/v1/forecasts_controller.rb": [
        1,
        null,
        1,
        5,
        null,
        null,
        1,
        null,
        1,
        5,
        null,
        null
      ],
      "/Users/willthompson/turing/mod_3/projects/sweater_weather_2/app/controllers/application_controller.rb": [
        1,
        1,
        null,
        null
      ],
      "/Users/willthompson/turing/mod_3/projects/sweater_weather_2/app/serializers/forecast_serializer.rb": [
        1,
        1,
        1,
        null
      ],
      "/Users/willthompson/turing/mod_3/projects/sweater_weather_2/app/facades/forecast_facade.rb": [
        1,
        1,
        null,
        1,
        5,
        null,
        null,
        1,
        15,
        15,
        null,
        null,
        1,
        15,
        15,
        null,
        null,
        1,
        5,
        null,
        null,
        1,
        5,
        null,
        null,
        1,
        5,
        null,
        null,
        null
      ],
      "/Users/willthompson/turing/mod_3/projects/sweater_weather_2/app/services/dark_sky.rb": [
        1,
        null,
        1,
        23,
        23,
        null,
        null,
        1,
        21,
        21,
        null,
        null,
        1,
        0,
        0,
        null,
        null,
        1,
        0,
        null,
        null,
        1,
        1,
        1,
        null,
        null,
        null,
        1,
        null,
        1,
        22,
        22,
        null,
        null,
        null,
        1,
        22,
        22,
        null,
        null
      ],
      "/Users/willthompson/turing/mod_3/projects/sweater_weather_2/app/services/google_geocoding.rb": [
        1,
        null,
        1,
        21,
        null,
        null,
        1,
        21,
        21,
        null,
        null,
        1,
        1,
        21,
        21,
        21,
        21,
        null,
        null,
        null,
        1,
        21,
        21,
        null,
        null
      ],
      "/Users/willthompson/turing/mod_3/projects/sweater_weather_2/app/models/forecast.rb": [
        1,
        1,
        20,
        20,
        20,
        null,
        null,
        null,
        1,
        6,
        114,
        null,
        null,
        null,
        1,
        null,
        12,
        96,
        1575,
        null,
        null,
        null,
        null,
        1,
        4,
        32,
        988,
        null,
        null,
        null,
        null,
        null,
        null,
        null,
        null,
        null,
        null,
        null
      ],
      "/Users/willthompson/turing/mod_3/projects/sweater_weather_2/app/controllers/api/v1/gifs_controller.rb": [
        1,
        null,
        1,
        2,
        null,
        null,
        1,
        null,
        1,
        2,
        null,
        null
      ],
      "/Users/willthompson/turing/mod_3/projects/sweater_weather_2/app/serializers/gif_serializer.rb": [
        1,
        1,
        1,
        null
      ],
      "/Users/willthompson/turing/mod_3/projects/sweater_weather_2/app/facades/gif_facade.rb": [
        1,
        1,
        null,
        1,
        2,
        null,
        null,
        1,
        2,
        2,
        null,
        null,
        1,
        2,
        2,
        2,
        null,
        null,
        1,
        16,
        16,
        null,
        null,
        1,
        2,
        16,
        null,
        null,
        null
      ],
      "/Users/willthompson/turing/mod_3/projects/sweater_weather_2/app/services/giphy.rb": [
        1,
        1,
        18,
        null,
        null,
        1,
        20,
        null,
        null,
        1,
        18,
        null,
        null,
        1,
        1,
        20,
        20,
        20,
        20,
        null,
        null,
        null,
        1,
        20,
        20,
        null,
        null
      ],
      "/Users/willthompson/turing/mod_3/projects/sweater_weather_2/app/facades/road_trip_facade.rb": [
        1,
        1,
        null,
        1,
        3,
        3,
        3,
        null,
        null,
        1,
        3,
        3,
        null,
        null,
        1,
        2,
        null,
        null,
        1,
        1,
        1,
        1,
        1,
        null,
        null
      ],
      "/Users/willthompson/turing/mod_3/projects/sweater_weather_2/app/services/google_directions.rb": [
        1,
        null,
        1,
        4,
        4,
        null,
        null,
        1,
        4,
        null,
        null,
        1,
        null,
        1,
        4,
        4,
        4,
        4,
        4,
        null,
        null,
        null,
        1,
        4,
        4,
        null,
        null
      ],
      "/Users/willthompson/turing/mod_3/projects/sweater_weather_2/app/services/unsplash.rb": [
        1,
        null,
        1,
        1,
        null,
        null,
        1,
        1,
        null,
        null,
        1,
        0,
        null,
        null,
        1,
        1,
        1,
        1,
        1,
        1,
        null,
        null,
        null,
        1,
        1,
        1,
        null,
        null
      ],
      "/Users/willthompson/turing/mod_3/projects/sweater_weather_2/app/mailers/application_mailer.rb": [
        0,
        0,
        0,
        0
      ],
      "/Users/willthompson/turing/mod_3/projects/sweater_weather_2/app/models/background.rb": [
        0,
        0,
        null,
        0,
        0,
        0,
        null,
        0,
        0,
        0,
        0,
        0
      ],
      "/Users/willthompson/turing/mod_3/projects/sweater_weather_2/app/models/application_record.rb": [
        0,
        0,
        0
      ],
      "/Users/willthompson/turing/mod_3/projects/sweater_weather_2/app/models/user.rb": [
        0,
        0,
        0
      ],
      "/Users/willthompson/turing/mod_3/projects/sweater_weather_2/app/serializers/background_serializer.rb": [
        0,
        0,
        0,
        0
      ],
      "/Users/willthompson/turing/mod_3/projects/sweater_weather_2/app/serializers/road_trip_serializer.rb": [
        0,
        0,
        0,
        0
      ],
      "/Users/willthompson/turing/mod_3/projects/sweater_weather_2/app/jobs/application_job.rb": [
        0,
        0
      ],
      "/Users/willthompson/turing/mod_3/projects/sweater_weather_2/app/controllers/home_controller.rb": [
        0,
        null,
        0,
        0,
        null,
        0
      ],
      "/Users/willthompson/turing/mod_3/projects/sweater_weather_2/app/controllers/api/v1/backgrounds_controller.rb": [
        0,
        null,
        0,
        0,
        0,
        null,
        0,
        null,
        0,
        0,
        0,
        0
      ],
      "/Users/willthompson/turing/mod_3/projects/sweater_weather_2/app/controllers/api/v1/road_trip_controller.rb": [
        0,
        null,
        0,
        0,
        0,
        null,
        0,
        null,
        0,
        0,
        0,
        0
      ],
      "/Users/willthompson/turing/mod_3/projects/sweater_weather_2/app/controllers/api/v1/users_controller.rb": [
        0,
        null,
        null,
        0,
        0,
        0,
        null,
        0,
        null,
        0,
        0,
        0,
        0
      ],
      "/Users/willthompson/turing/mod_3/projects/sweater_weather_2/app/controllers/api/v1/sessions_controller.rb": [
        0,
        null,
        0,
        0,
        0,
        0,
        0,
        0,
        0
      ],
      "/Users/willthompson/turing/mod_3/projects/sweater_weather_2/app/channels/application_cable/connection.rb": [
        0,
        0,
        0,
        0
      ],
      "/Users/willthompson/turing/mod_3/projects/sweater_weather_2/app/channels/application_cable/channel.rb": [
        0,
        0,
        0,
        0
      ]
    },
    "timestamp": 1568789590
  }
}
